TN:
SF:lib/Character.js
FN:2,(anonymous_0)
FN:9,(anonymous_1)
FN:16,(anonymous_2)
FN:20,(anonymous_3)
FN:27,(anonymous_4)
FNF:5
FNH:5
FNDA:15,(anonymous_0)
FNDA:4,(anonymous_1)
FNDA:2,(anonymous_2)
FNDA:4,(anonymous_3)
FNDA:4,(anonymous_4)
DA:3,15
DA:4,15
DA:5,15
DA:6,15
DA:10,4
DA:11,2
DA:13,2
DA:17,2
DA:21,4
DA:22,4
DA:24,4
DA:28,4
DA:30,4
DA:31,2
DA:36,2
LF:15
LH:15
BRDA:2,0,0,0
BRDA:10,1,0,2
BRDA:10,1,1,2
BRDA:30,2,0,2
BRDA:30,2,1,2
BRF:5
BRH:4
end_of_record
TN:
SF:lib/Enemy.js
FN:5,(anonymous_0)
FN:12,(anonymous_1)
FNF:2
FNH:2
FNDA:6,(anonymous_0)
FNDA:2,(anonymous_1)
DA:1,1
DA:2,1
DA:6,6
DA:8,6
DA:9,6
DA:13,2
DA:17,1
LF:7
LH:7
BRF:0
BRH:0
end_of_record
TN:
SF:lib/Player.js
FN:5,(anonymous_0)
FN:11,(anonymous_1)
FN:20,(anonymous_2)
FN:27,(anonymous_3)
FN:31,(anonymous_4)
FNF:5
FNH:5
FNDA:9,(anonymous_0)
FNDA:4,(anonymous_1)
FNDA:2,(anonymous_2)
FNDA:1,(anonymous_3)
FNDA:1,(anonymous_4)
DA:1,1
DA:2,1
DA:6,9
DA:8,9
DA:12,4
DA:21,2
DA:22,1
DA:24,1
DA:28,1
DA:32,1
DA:34,1
DA:36,0
DA:37,0
DA:39,1
DA:40,1
DA:42,0
DA:43,0
DA:48,1
LF:18
LH:14
BRDA:5,0,0,0
BRDA:21,1,0,1
BRDA:21,1,1,1
BRDA:34,2,0,0
BRDA:34,2,1,1
BRDA:34,2,2,0
BRF:6
BRH:3
end_of_record
TN:
SF:lib/Potion.js
FN:2,(anonymous_0)
FNF:1
FNH:1
FNDA:2,(anonymous_0)
DA:3,2
DA:4,2
DA:6,2
DA:7,1
DA:9,1
DA:14,1
LF:6
LH:6
BRDA:4,0,0,2
BRDA:4,0,1,1
BRDA:6,1,0,1
BRDA:6,1,1,1
BRF:4
BRH:4
end_of_record
